# JRE version: Java(TM) SE Runtime Environment (8.0_05-b13) (build 1.8.0_05-b13)
# Java VM: Java HotSpot(TM) 64-Bit Server VM (25.5-b02 mixed mode windows-amd64 compressed oops)
Heap:
 PSYoungGen      total 43520K, used 38521K [0x00000000eb400000, 0x00000000ee700000, 0x0000000100000000)
  eden space 37888K, 91% used [0x00000000eb400000,0x00000000ed605430,0x00000000ed900000)
  from space 5632K, 65% used [0x00000000ed900000,0x00000000edc992c8,0x00000000ede80000)
  to   space 6144K, 0% used [0x00000000ee100000,0x00000000ee100000,0x00000000ee700000)
 ParOldGen       total 14848K, used 10555K [0x00000000c1c00000, 0x00000000c2a80000, 0x00000000eb400000)
  object space 14848K, 71% used [0x00000000c1c00000,0x00000000c264ef50,0x00000000c2a80000)
 Metaspace       used 24134K, capacity 24470K, committed 24752K, reserved 1071104K
  class space    used 3139K, capacity 3195K, committed 3248K, reserved 1048576K
GC Heap History (10 events):
Event: 59.704 GC heap before
{Heap before GC invocations=27 (full 2):
 PSYoungGen      total 37376K, used 34969K [0x00000000eb400000, 0x00000000edc80000, 0x0000000100000000)
  eden space 34304K, 100% used [0x00000000eb400000,0x00000000ed580000,0x00000000ed580000)
  from space 3072K, 21% used [0x00000000ed980000,0x00000000eda265c0,0x00000000edc80000)
  to   space 3584K, 0% used [0x00000000ed580000,0x00000000ed580000,0x00000000ed900000)
 ParOldGen       total 14848K, used 10232K [0x00000000c1c00000, 0x00000000c2a80000, 0x00000000eb400000)
  object space 14848K, 68% used [0x00000000c1c00000,0x00000000c25fe298,0x00000000c2a80000)
 Metaspace       used 23588K, capacity 23940K, committed 24240K, reserved 1071104K
  class space    used 3124K, capacity 3192K, committed 3248K, reserved 1048576K
Event: 59.712 GC heap after
Heap after GC invocations=27 (full 2):
 PSYoungGen      total 37888K, used 3553K [0x00000000eb400000, 0x00000000ee000000, 0x0000000100000000)
  eden space 34304K, 0% used [0x00000000eb400000,0x00000000eb400000,0x00000000ed580000)
  from space 3584K, 99% used [0x00000000ed580000,0x00000000ed8f84e0,0x00000000ed900000)
  to   space 4096K, 0% used [0x00000000edc00000,0x00000000edc00000,0x00000000ee000000)
 ParOldGen       total 14848K, used 10408K [0x00000000c1c00000, 0x00000000c2a80000, 0x00000000eb400000)
  object space 14848K, 70% used [0x00000000c1c00000,0x00000000c262a298,0x00000000c2a80000)
 Metaspace       used 23588K, capacity 23940K, committed 24240K, reserved 1071104K
  class space    used 3124K, capacity 3192K, committed 3248K, reserved 1048576K
}
Event: 65.161 GC heap before
{Heap before GC invocations=28 (full 2):
 PSYoungGen      total 37888K, used 37857K [0x00000000eb400000, 0x00000000ee000000, 0x0000000100000000)
  eden space 34304K, 100% used [0x00000000eb400000,0x00000000ed580000,0x00000000ed580000)
  from space 3584K, 99% used [0x00000000ed580000,0x00000000ed8f84e0,0x00000000ed900000)
  to   space 4096K, 0% used [0x00000000edc00000,0x00000000edc00000,0x00000000ee000000)
 ParOldGen       total 14848K, used 10408K [0x00000000c1c00000, 0x00000000c2a80000, 0x00000000eb400000)
  object space 14848K, 70% used [0x00000000c1c00000,0x00000000c262a298,0x00000000c2a80000)
 Metaspace       used 23703K, capacity 24080K, committed 24240K, reserved 1071104K
  class space    used 3129K, capacity 3194K, committed 3248K, reserved 1048576K
Event: 65.174 GC heap after
Heap after GC invocations=28 (full 2):
 PSYoungGen      total 39936K, used 3956K [0x00000000eb400000, 0x00000000ee200000, 0x0000000100000000)
  eden space 35840K, 0% used [0x00000000eb400000,0x00000000eb400000,0x00000000ed700000)
  from space 4096K, 96% used [0x00000000edc00000,0x00000000edfdd2d8,0x00000000ee000000)
  to   space 5120K, 0% used [0x00000000ed700000,0x00000000ed700000,0x00000000edc00000)
 ParOldGen       total 14848K, used 10539K [0x00000000c1c00000, 0x00000000c2a80000, 0x00000000eb400000)
  object space 14848K, 70% used [0x00000000c1c00000,0x00000000c264af50,0x00000000c2a80000)
 Metaspace       used 23703K, capacity 24080K, committed 24240K, reserved 1071104K
  class space    used 3129K, capacity 3194K, committed 3248K, reserved 1048576K
}
Event: 67.285 GC heap before
{Heap before GC invocations=29 (full 2):
 PSYoungGen      total 39936K, used 39796K [0x00000000eb400000, 0x00000000ee200000, 0x0000000100000000)
  eden space 35840K, 100% used [0x00000000eb400000,0x00000000ed700000,0x00000000ed700000)
  from space 4096K, 96% used [0x00000000edc00000,0x00000000edfdd2d8,0x00000000ee000000)
  to   space 5120K, 0% used [0x00000000ed700000,0x00000000ed700000,0x00000000edc00000)
 ParOldGen       total 14848K, used 10539K [0x00000000c1c00000, 0x00000000c2a80000, 0x00000000eb400000)
  object space 14848K, 70% used [0x00000000c1c00000,0x00000000c264af50,0x00000000c2a80000)
 Metaspace       used 23712K, capacity 24080K, committed 24240K, reserved 1071104K
  class space    used 3129K, capacity 3194K, committed 3248K, reserved 1048576K
Event: 67.292 GC heap after
Heap after GC invocations=29 (full 2):
 PSYoungGen      total 40960K, used 3370K [0x00000000eb400000, 0x00000000ee380000, 0x0000000100000000)
  eden space 35840K, 0% used [0x00000000eb400000,0x00000000eb400000,0x00000000ed700000)
  from space 5120K, 65% used [0x00000000ed700000,0x00000000eda4aba8,0x00000000edc00000)
  to   space 5120K, 0% used [0x00000000ede80000,0x00000000ede80000,0x00000000ee380000)
 ParOldGen       total 14848K, used 10539K [0x00000000c1c00000, 0x00000000c2a80000, 0x00000000eb400000)
  object space 14848K, 70% used [0x00000000c1c00000,0x00000000c264af50,0x00000000c2a80000)
 Metaspace       used 23712K, capacity 24080K, committed 24240K, reserved 1071104K
  class space    used 3129K, capacity 3194K, committed 3248K, reserved 1048576K
}
Event: 68.718 GC heap before
{Heap before GC invocations=30 (full 2):
 PSYoungGen      total 40960K, used 39210K [0x00000000eb400000, 0x00000000ee380000, 0x0000000100000000)
  eden space 35840K, 100% used [0x00000000eb400000,0x00000000ed700000,0x00000000ed700000)
  from space 5120K, 65% used [0x00000000ed700000,0x00000000eda4aba8,0x00000000edc00000)
  to   space 5120K, 0% used [0x00000000ede80000,0x00000000ede80000,0x00000000ee380000)
 ParOldGen       total 14848K, used 10539K [0x00000000c1c00000, 0x00000000c2a80000, 0x00000000eb400000)
  object space 14848K, 70% used [0x00000000c1c00000,0x00000000c264af50,0x00000000c2a80000)
 Metaspace       used 23712K, capacity 24080K, committed 24240K, reserved 1071104K
  class space    used 3129K, capacity 3194K, committed 3248K, reserved 1048576K
Event: 68.723 GC heap after
Heap after GC invocations=30 (full 2):
 PSYoungGen      total 43008K, used 4355K [0x00000000eb400000, 0x00000000ee480000, 0x0000000100000000)
  eden space 37888K, 0% used [0x00000000eb400000,0x00000000eb400000,0x00000000ed900000)
  from space 5120K, 85% used [0x00000000ede80000,0x00000000ee2c0f78,0x00000000ee380000)
  to   space 5632K, 0% used [0x00000000ed900000,0x00000000ed900000,0x00000000ede80000)
 ParOldGen       total 14848K, used 10547K [0x00000000c1c00000, 0x00000000c2a80000, 0x00000000eb400000)
  object space 14848K, 71% used [0x00000000c1c00000,0x00000000c264cf50,0x00000000c2a80000)
 Metaspace       used 23712K, capacity 24080K, committed 24240K, reserved 1071104K
  class space    used 3129K, capacity 3194K, committed 3248K, reserved 1048576K
}
Event: 118.021 GC heap before
{Heap before GC invocations=31 (full 2):
 PSYoungGen      total 43008K, used 42243K [0x00000000eb400000, 0x00000000ee480000, 0x0000000100000000)
  eden space 37888K, 100% used [0x00000000eb400000,0x00000000ed900000,0x00000000ed900000)
  from space 5120K, 85% used [0x00000000ede80000,0x00000000ee2c0f78,0x00000000ee380000)
  to   space 5632K, 0% used [0x00000000ed900000,0x00000000ed900000,0x00000000ede80000)
 ParOldGen       total 14848K, used 10547K [0x00000000c1c00000, 0x00000000c2a80000, 0x00000000eb400000)
  object space 14848K, 71% used [0x00000000c1c00000,0x00000000c264cf50,0x00000000c2a80000)
 Metaspace       used 23979K, capacity 24342K, committed 24496K, reserved 1071104K
  class space    used 3132K, capacity 3195K, committed 3248K, reserved 1048576K
Event: 118.032 GC heap after
Heap after GC invocations=31 (full 2):
 PSYoungGen      total 43520K, used 3684K [0x00000000eb400000, 0x00000000ee700000, 0x0000000100000000)
  eden space 37888K, 0% used [0x00000000eb400000,0x00000000eb400000,0x00000000ed900000)
  from space 5632K, 65% used [0x00000000ed900000,0x00000000edc992c8,0x00000000ede80000)
  to   space 6144K, 0% used [0x00000000ee100000,0x00000000ee100000,0x00000000ee700000)
 ParOldGen       total 14848K, used 10555K [0x00000000c1c00000, 0x00000000c2a80000, 0x00000000eb400000)
  object space 14848K, 71% used [0x00000000c1c00000,0x00000000c264ef50,0x00000000c2a80000)
 Metaspace       used 23979K, capacity 24342K, committed 24496K, reserved 1071104K
  class space    used 3132K, capacity 3195K, committed 3248K, reserved 1048576K
}

