# JRE version: Java(TM) SE Runtime Environment (8.0_05-b13) (build 1.8.0_05-b13)
# Java VM: Java HotSpot(TM) 64-Bit Server VM (25.5-b02 mixed mode windows-amd64 compressed oops)
Heap:
 PSYoungGen      total 37376K, used 20583K [0x00000000eb400000, 0x00000000edf00000, 0x0000000100000000)
  eden space 30720K, 55% used [0x00000000eb400000,0x00000000ec4c6528,0x00000000ed200000)
  from space 6656K, 51% used [0x00000000ed880000,0x00000000edbd38f8,0x00000000edf00000)
  to   space 6656K, 0% used [0x00000000ed200000,0x00000000ed200000,0x00000000ed880000)
 ParOldGen       total 17920K, used 10618K [0x00000000c1c00000, 0x00000000c2d80000, 0x00000000eb400000)
  object space 17920K, 59% used [0x00000000c1c00000,0x00000000c265e8a8,0x00000000c2d80000)
 Metaspace       used 23813K, capacity 24204K, committed 24320K, reserved 1071104K
  class space    used 2971K, capacity 3068K, committed 3072K, reserved 1048576K
GC Heap History (10 events):
Event: 292.625 GC heap before
{Heap before GC invocations=25 (full 2):
 PSYoungGen      total 33280K, used 30593K [0x00000000eb400000, 0x00000000ed880000, 0x0000000100000000)
  eden space 28672K, 100% used [0x00000000eb400000,0x00000000ed000000,0x00000000ed000000)
  from space 4608K, 41% used [0x00000000ed400000,0x00000000ed5e0428,0x00000000ed880000)
  to   space 4096K, 0% used [0x00000000ed000000,0x00000000ed000000,0x00000000ed400000)
 ParOldGen       total 15872K, used 10818K [0x00000000c1c00000, 0x00000000c2b80000, 0x00000000eb400000)
  object space 15872K, 68% used [0x00000000c1c00000,0x00000000c26909e0,0x00000000c2b80000)
 Metaspace       used 23217K, capacity 23564K, committed 23808K, reserved 1071104K
  class space    used 2930K, capacity 3004K, committed 3072K, reserved 1048576K
Event: 292.634 GC heap after
Heap after GC invocations=25 (full 2):
 PSYoungGen      total 32768K, used 3520K [0x00000000eb400000, 0x00000000edc00000, 0x0000000100000000)
  eden space 28672K, 0% used [0x00000000eb400000,0x00000000eb400000,0x00000000ed000000)
  from space 4096K, 85% used [0x00000000ed000000,0x00000000ed370000,0x00000000ed400000)
  to   space 4608K, 0% used [0x00000000ed780000,0x00000000ed780000,0x00000000edc00000)
 ParOldGen       total 15872K, used 10826K [0x00000000c1c00000, 0x00000000c2b80000, 0x00000000eb400000)
  object space 15872K, 68% used [0x00000000c1c00000,0x00000000c26929e0,0x00000000c2b80000)
 Metaspace       used 23217K, capacity 23564K, committed 23808K, reserved 1071104K
  class space    used 2930K, capacity 3004K, committed 3072K, reserved 1048576K
}
Event: 297.097 GC heap before
{Heap before GC invocations=26 (full 2):
 PSYoungGen      total 32768K, used 32192K [0x00000000eb400000, 0x00000000edc00000, 0x0000000100000000)
  eden space 28672K, 100% used [0x00000000eb400000,0x00000000ed000000,0x00000000ed000000)
  from space 4096K, 85% used [0x00000000ed000000,0x00000000ed370000,0x00000000ed400000)
  to   space 4608K, 0% used [0x00000000ed780000,0x00000000ed780000,0x00000000edc00000)
 ParOldGen       total 15872K, used 10826K [0x00000000c1c00000, 0x00000000c2b80000, 0x00000000eb400000)
  object space 15872K, 68% used [0x00000000c1c00000,0x00000000c26929e0,0x00000000c2b80000)
 Metaspace       used 23240K, capacity 23628K, committed 23808K, reserved 1071104K
  class space    used 2930K, capacity 3004K, committed 3072K, reserved 1048576K
Event: 297.119 GC heap after
Heap after GC invocations=26 (full 2):
 PSYoungGen      total 34304K, used 4595K [0x00000000eb400000, 0x00000000ee080000, 0x0000000100000000)
  eden space 29696K, 0% used [0x00000000eb400000,0x00000000eb400000,0x00000000ed100000)
  from space 4608K, 99% used [0x00000000ed780000,0x00000000edbfcf68,0x00000000edc00000)
  to   space 6656K, 0% used [0x00000000ed100000,0x00000000ed100000,0x00000000ed780000)
 ParOldGen       total 15872K, used 14138K [0x00000000c1c00000, 0x00000000c2b80000, 0x00000000eb400000)
  object space 15872K, 89% used [0x00000000c1c00000,0x00000000c29ce9e0,0x00000000c2b80000)
 Metaspace       used 23240K, capacity 23628K, committed 23808K, reserved 1071104K
  class space    used 2930K, capacity 3004K, committed 3072K, reserved 1048576K
}
Event: 297.119 GC heap before
{Heap before GC invocations=27 (full 3):
 PSYoungGen      total 34304K, used 4595K [0x00000000eb400000, 0x00000000ee080000, 0x0000000100000000)
  eden space 29696K, 0% used [0x00000000eb400000,0x00000000eb400000,0x00000000ed100000)
  from space 4608K, 99% used [0x00000000ed780000,0x00000000edbfcf68,0x00000000edc00000)
  to   space 6656K, 0% used [0x00000000ed100000,0x00000000ed100000,0x00000000ed780000)
 ParOldGen       total 15872K, used 14138K [0x00000000c1c00000, 0x00000000c2b80000, 0x00000000eb400000)
  object space 15872K, 89% used [0x00000000c1c00000,0x00000000c29ce9e0,0x00000000c2b80000)
 Metaspace       used 23240K, capacity 23628K, committed 23808K, reserved 1071104K
  class space    used 2930K, capacity 3004K, committed 3072K, reserved 1048576K
Event: 297.626 GC heap after
Heap after GC invocations=27 (full 3):
 PSYoungGen      total 34304K, used 0K [0x00000000eb400000, 0x00000000ee080000, 0x0000000100000000)
  eden space 29696K, 0% used [0x00000000eb400000,0x00000000eb400000,0x00000000ed100000)
  from space 4608K, 0% used [0x00000000ed780000,0x00000000ed780000,0x00000000edc00000)
  to   space 6656K, 0% used [0x00000000ed100000,0x00000000ed100000,0x00000000ed780000)
 ParOldGen       total 17920K, used 10602K [0x00000000c1c00000, 0x00000000c2d80000, 0x00000000eb400000)
  object space 17920K, 59% used [0x00000000c1c00000,0x00000000c265a8a8,0x00000000c2d80000)
 Metaspace       used 23240K, capacity 23628K, committed 23808K, reserved 1071104K
  class space    used 2930K, capacity 3004K, committed 3072K, reserved 1048576K
}
Event: 448.949 GC heap before
{Heap before GC invocations=28 (full 3):
 PSYoungGen      total 34304K, used 29696K [0x00000000eb400000, 0x00000000ee080000, 0x0000000100000000)
  eden space 29696K, 100% used [0x00000000eb400000,0x00000000ed100000,0x00000000ed100000)
  from space 4608K, 0% used [0x00000000ed780000,0x00000000ed780000,0x00000000edc00000)
  to   space 6656K, 0% used [0x00000000ed100000,0x00000000ed100000,0x00000000ed780000)
 ParOldGen       total 17920K, used 10602K [0x00000000c1c00000, 0x00000000c2d80000, 0x00000000eb400000)
  object space 17920K, 59% used [0x00000000c1c00000,0x00000000c265a8a8,0x00000000c2d80000)
 Metaspace       used 23402K, capacity 23756K, committed 24064K, reserved 1071104K
  class space    used 2940K, capacity 3004K, committed 3072K, reserved 1048576K
Event: 448.966 GC heap after
Heap after GC invocations=28 (full 3):
 PSYoungGen      total 36352K, used 3507K [0x00000000eb400000, 0x00000000edf00000, 0x0000000100000000)
  eden space 29696K, 0% used [0x00000000eb400000,0x00000000eb400000,0x00000000ed100000)
  from space 6656K, 52% used [0x00000000ed100000,0x00000000ed46cf68,0x00000000ed780000)
  to   space 6656K, 0% used [0x00000000ed880000,0x00000000ed880000,0x00000000edf00000)
 ParOldGen       total 17920K, used 10610K [0x00000000c1c00000, 0x00000000c2d80000, 0x00000000eb400000)
  object space 17920K, 59% used [0x00000000c1c00000,0x00000000c265c8a8,0x00000000c2d80000)
 Metaspace       used 23402K, capacity 23756K, committed 24064K, reserved 1071104K
  class space    used 2940K, capacity 3004K, committed 3072K, reserved 1048576K
}
Event: 1526.547 GC heap before
{Heap before GC invocations=29 (full 3):
 PSYoungGen      total 36352K, used 33203K [0x00000000eb400000, 0x00000000edf00000, 0x0000000100000000)
  eden space 29696K, 100% used [0x00000000eb400000,0x00000000ed100000,0x00000000ed100000)
  from space 6656K, 52% used [0x00000000ed100000,0x00000000ed46cf68,0x00000000ed780000)
  to   space 6656K, 0% used [0x00000000ed880000,0x00000000ed880000,0x00000000edf00000)
 ParOldGen       total 17920K, used 10610K [0x00000000c1c00000, 0x00000000c2d80000, 0x00000000eb400000)
  object space 17920K, 59% used [0x00000000c1c00000,0x00000000c265c8a8,0x00000000c2d80000)
 Metaspace       used 23787K, capacity 24108K, committed 24320K, reserved 1071104K
  class space    used 2963K, capacity 3036K, committed 3072K, reserved 1048576K
Event: 1526.634 GC heap after
Heap after GC invocations=29 (full 3):
 PSYoungGen      total 37376K, used 3406K [0x00000000eb400000, 0x00000000edf00000, 0x0000000100000000)
  eden space 30720K, 0% used [0x00000000eb400000,0x00000000eb400000,0x00000000ed200000)
  from space 6656K, 51% used [0x00000000ed880000,0x00000000edbd38f8,0x00000000edf00000)
  to   space 6656K, 0% used [0x00000000ed200000,0x00000000ed200000,0x00000000ed880000)
 ParOldGen       total 17920K, used 10618K [0x00000000c1c00000, 0x00000000c2d80000, 0x00000000eb400000)
  object space 17920K, 59% used [0x00000000c1c00000,0x00000000c265e8a8,0x00000000c2d80000)
 Metaspace       used 23787K, capacity 24108K, committed 24320K, reserved 1071104K
  class space    used 2963K, capacity 3036K, committed 3072K, reserved 1048576K
}

