# JRE version: Java(TM) SE Runtime Environment (8.0_05-b13) (build 1.8.0_05-b13)
# Java VM: Java HotSpot(TM) 64-Bit Server VM (25.5-b02 mixed mode windows-amd64 compressed oops)
Heap:
 PSYoungGen      total 29696K, used 3540K [0x00000000eb400000, 0x00000000ed700000, 0x0000000100000000)
  eden space 24576K, 3% used [0x00000000eb400000,0x00000000eb4cee70,0x00000000ecc00000)
  from space 5120K, 52% used [0x00000000ecc00000,0x00000000ecea61f0,0x00000000ed100000)
  to   space 5120K, 0% used [0x00000000ed200000,0x00000000ed200000,0x00000000ed700000)
 ParOldGen       total 14848K, used 10905K [0x00000000c1c00000, 0x00000000c2a80000, 0x00000000eb400000)
  object space 14848K, 73% used [0x00000000c1c00000,0x00000000c26a64e0,0x00000000c2a80000)
 Metaspace       used 23978K, capacity 24306K, committed 24496K, reserved 1071104K
  class space    used 3089K, capacity 3165K, committed 3248K, reserved 1048576K
GC Heap History (10 events):
Event: 71.464 GC heap before
{Heap before GC invocations=23 (full 2):
 PSYoungGen      total 22528K, used 21504K [0x00000000eb400000, 0x00000000ed200000, 0x0000000100000000)
  eden space 21504K, 100% used [0x00000000eb400000,0x00000000ec900000,0x00000000ec900000)
  from space 1024K, 0% used [0x00000000ecd80000,0x00000000ecd80000,0x00000000ece80000)
  to   space 4608K, 0% used [0x00000000ec900000,0x00000000ec900000,0x00000000ecd80000)
 ParOldGen       total 14848K, used 10025K [0x00000000c1c00000, 0x00000000c2a80000, 0x00000000eb400000)
  object space 14848K, 67% used [0x00000000c1c00000,0x00000000c25ca530,0x00000000c2a80000)
 Metaspace       used 23527K, capacity 23890K, committed 24240K, reserved 1071104K
  class space    used 3065K, capacity 3133K, committed 3248K, reserved 1048576K
Event: 71.472 GC heap after
Heap after GC invocations=23 (full 2):
 PSYoungGen      total 26112K, used 1280K [0x00000000eb400000, 0x00000000ed300000, 0x0000000100000000)
  eden space 21504K, 0% used [0x00000000eb400000,0x00000000eb400000,0x00000000ec900000)
  from space 4608K, 27% used [0x00000000ec900000,0x00000000eca40000,0x00000000ecd80000)
  to   space 4096K, 0% used [0x00000000ecf00000,0x00000000ecf00000,0x00000000ed300000)
 ParOldGen       total 14848K, used 10033K [0x00000000c1c00000, 0x00000000c2a80000, 0x00000000eb400000)
  object space 14848K, 67% used [0x00000000c1c00000,0x00000000c25cc530,0x00000000c2a80000)
 Metaspace       used 23527K, capacity 23890K, committed 24240K, reserved 1071104K
  class space    used 3065K, capacity 3133K, committed 3248K, reserved 1048576K
}
Event: 77.316 GC heap before
{Heap before GC invocations=24 (full 2):
 PSYoungGen      total 26112K, used 22784K [0x00000000eb400000, 0x00000000ed300000, 0x0000000100000000)
  eden space 21504K, 100% used [0x00000000eb400000,0x00000000ec900000,0x00000000ec900000)
  from space 4608K, 27% used [0x00000000ec900000,0x00000000eca40000,0x00000000ecd80000)
  to   space 4096K, 0% used [0x00000000ecf00000,0x00000000ecf00000,0x00000000ed300000)
 ParOldGen       total 14848K, used 10033K [0x00000000c1c00000, 0x00000000c2a80000, 0x00000000eb400000)
  object space 14848K, 67% used [0x00000000c1c00000,0x00000000c25cc530,0x00000000c2a80000)
 Metaspace       used 23622K, capacity 23986K, committed 24240K, reserved 1071104K
  class space    used 3071K, capacity 3165K, committed 3248K, reserved 1048576K
Event: 77.328 GC heap after
Heap after GC invocations=24 (full 2):
 PSYoungGen      total 27136K, used 3461K [0x00000000eb400000, 0x00000000ed400000, 0x0000000100000000)
  eden space 23040K, 0% used [0x00000000eb400000,0x00000000eb400000,0x00000000eca80000)
  from space 4096K, 84% used [0x00000000ecf00000,0x00000000ed261730,0x00000000ed300000)
  to   space 4608K, 0% used [0x00000000eca80000,0x00000000eca80000,0x00000000ecf00000)
 ParOldGen       total 14848K, used 10881K [0x00000000c1c00000, 0x00000000c2a80000, 0x00000000eb400000)
  object space 14848K, 73% used [0x00000000c1c00000,0x00000000c26a04e0,0x00000000c2a80000)
 Metaspace       used 23622K, capacity 23986K, committed 24240K, reserved 1071104K
  class space    used 3071K, capacity 3165K, committed 3248K, reserved 1048576K
}
Event: 93.971 GC heap before
{Heap before GC invocations=25 (full 2):
 PSYoungGen      total 27136K, used 26501K [0x00000000eb400000, 0x00000000ed400000, 0x0000000100000000)
  eden space 23040K, 100% used [0x00000000eb400000,0x00000000eca80000,0x00000000eca80000)
  from space 4096K, 84% used [0x00000000ecf00000,0x00000000ed261730,0x00000000ed300000)
  to   space 4608K, 0% used [0x00000000eca80000,0x00000000eca80000,0x00000000ecf00000)
 ParOldGen       total 14848K, used 10881K [0x00000000c1c00000, 0x00000000c2a80000, 0x00000000eb400000)
  object space 14848K, 73% used [0x00000000c1c00000,0x00000000c26a04e0,0x00000000c2a80000)
 Metaspace       used 23728K, capacity 24114K, committed 24496K, reserved 1071104K
  class space    used 3076K, capacity 3165K, committed 3248K, reserved 1048576K
Event: 93.978 GC heap after
Heap after GC invocations=25 (full 2):
 PSYoungGen      total 27648K, used 2359K [0x00000000eb400000, 0x00000000ed580000, 0x0000000100000000)
  eden space 23040K, 0% used [0x00000000eb400000,0x00000000eb400000,0x00000000eca80000)
  from space 4608K, 51% used [0x00000000eca80000,0x00000000ecccddd0,0x00000000ecf00000)
  to   space 4608K, 0% used [0x00000000ed100000,0x00000000ed100000,0x00000000ed580000)
 ParOldGen       total 14848K, used 10889K [0x00000000c1c00000, 0x00000000c2a80000, 0x00000000eb400000)
  object space 14848K, 73% used [0x00000000c1c00000,0x00000000c26a24e0,0x00000000c2a80000)
 Metaspace       used 23728K, capacity 24114K, committed 24496K, reserved 1071104K
  class space    used 3076K, capacity 3165K, committed 3248K, reserved 1048576K
}
Event: 210.456 GC heap before
{Heap before GC invocations=26 (full 2):
 PSYoungGen      total 27648K, used 25399K [0x00000000eb400000, 0x00000000ed580000, 0x0000000100000000)
  eden space 23040K, 100% used [0x00000000eb400000,0x00000000eca80000,0x00000000eca80000)
  from space 4608K, 51% used [0x00000000eca80000,0x00000000ecccddd0,0x00000000ecf00000)
  to   space 4608K, 0% used [0x00000000ed100000,0x00000000ed100000,0x00000000ed580000)
 ParOldGen       total 14848K, used 10889K [0x00000000c1c00000, 0x00000000c2a80000, 0x00000000eb400000)
  object space 14848K, 73% used [0x00000000c1c00000,0x00000000c26a24e0,0x00000000c2a80000)
 Metaspace       used 23910K, capacity 24242K, committed 24496K, reserved 1071104K
  class space    used 3086K, capacity 3165K, committed 3248K, reserved 1048576K
Event: 210.465 GC heap after
Heap after GC invocations=26 (full 2):
 PSYoungGen      total 29184K, used 4124K [0x00000000eb400000, 0x00000000ed600000, 0x0000000100000000)
  eden space 24576K, 0% used [0x00000000eb400000,0x00000000eb400000,0x00000000ecc00000)
  from space 4608K, 89% used [0x00000000ed100000,0x00000000ed507358,0x00000000ed580000)
  to   space 5120K, 0% used [0x00000000ecc00000,0x00000000ecc00000,0x00000000ed100000)
 ParOldGen       total 14848K, used 10897K [0x00000000c1c00000, 0x00000000c2a80000, 0x00000000eb400000)
  object space 14848K, 73% used [0x00000000c1c00000,0x00000000c26a44e0,0x00000000c2a80000)
 Metaspace       used 23910K, capacity 24242K, committed 24496K, reserved 1071104K
  class space    used 3086K, capacity 3165K, committed 3248K, reserved 1048576K
}
Event: 222.273 GC heap before
{Heap before GC invocations=27 (full 2):
 PSYoungGen      total 29184K, used 28700K [0x00000000eb400000, 0x00000000ed600000, 0x0000000100000000)
  eden space 24576K, 100% used [0x00000000eb400000,0x00000000ecc00000,0x00000000ecc00000)
  from space 4608K, 89% used [0x00000000ed100000,0x00000000ed507358,0x00000000ed580000)
  to   space 5120K, 0% used [0x00000000ecc00000,0x00000000ecc00000,0x00000000ed100000)
 ParOldGen       total 14848K, used 10897K [0x00000000c1c00000, 0x00000000c2a80000, 0x00000000eb400000)
  object space 14848K, 73% used [0x00000000c1c00000,0x00000000c26a44e0,0x00000000c2a80000)
 Metaspace       used 23976K, capacity 24306K, committed 24496K, reserved 1071104K
  class space    used 3089K, capacity 3165K, committed 3248K, reserved 1048576K
Event: 222.282 GC heap after
Heap after GC invocations=27 (full 2):
 PSYoungGen      total 29696K, used 2712K [0x00000000eb400000, 0x00000000ed700000, 0x0000000100000000)
  eden space 24576K, 0% used [0x00000000eb400000,0x00000000eb400000,0x00000000ecc00000)
  from space 5120K, 52% used [0x00000000ecc00000,0x00000000ecea61f0,0x00000000ed100000)
  to   space 5120K, 0% used [0x00000000ed200000,0x00000000ed200000,0x00000000ed700000)
 ParOldGen       total 14848K, used 10905K [0x00000000c1c00000, 0x00000000c2a80000, 0x00000000eb400000)
  object space 14848K, 73% used [0x00000000c1c00000,0x00000000c26a64e0,0x00000000c2a80000)
 Metaspace       used 23976K, capacity 24306K, committed 24496K, reserved 1071104K
  class space    used 3089K, capacity 3165K, committed 3248K, reserved 1048576K
}

